Fetch error: Error: HTTP error! status: 429
    at r (/home/milconepal/milkconepal/.next/server/chunks/763.js:3:6715)
    at process.processTicksAndRejections (node:internal/process/task_queues:95:5)
    at async f (/home/milconepal/milkconepal/.next/server/app/(all-pages)/product/[product_name]/page.js:1:24912)
Fetch error: Error: HTTP error! status: 429
    at r (/home/milconepal/milkconepal/.next/server/chunks/763.js:3:6715)
    at process.processTicksAndRejections (node:internal/process/task_queues:95:5)
    at async Module.p (/home/milconepal/milkconepal/.next/server/app/(all-pages)/product/[product_name]/page.js:1:24454)
Fetch error: Error: HTTP error! status: 429
    at r (/home/milconepal/milkconepal/.next/server/chunks/763.js:3:6715)
    at process.processTicksAndRejections (node:internal/process/task_queues:95:5)
    at async C (/home/milconepal/milkconepal/.next/server/chunks/763.js:3:8542)
Fetch error: Error: HTTP error! status: 429
    at r (/home/milconepal/milkconepal/.next/server/chunks/763.js:3:6715)
    at process.processTicksAndRejections (node:internal/process/task_queues:95:5)
    at async Module._ (/home/milconepal/milkconepal/.next/server/chunks/763.js:3:8428)
Fetch error: Error: HTTP error! status: 429
    at r (/home/milconepal/milkconepal/.next/server/chunks/763.js:3:6715)
    at process.processTicksAndRejections (node:internal/process/task_queues:95:5)
    at async C (/home/milconepal/milkconepal/.next/server/chunks/763.js:3:8582)
 ⚠ metadataBase property in metadata export is not set for resolving social open graph or twitter images, using "http://localhost:3000". See https://nextjs.org/docs/app/api-reference/functions/generate-metadata#metadatabase
Fetch error: Error: HTTP error! status: 429
    at r (/home/milconepal/milkconepal/.next/server/chunks/763.js:3:6715)
    at process.processTicksAndRejections (node:internal/process/task_queues:95:5)
    at async Module._ (/home/milconepal/milkconepal/.next/server/chunks/763.js:3:8428)
Fetch error: Error: HTTP error! status: 429
    at r (/home/milconepal/milkconepal/.next/server/chunks/763.js:3:6715)
    at process.processTicksAndRejections (node:internal/process/task_queues:95:5)
    at async c (/home/milconepal/milkconepal/.next/server/app/(all-pages)/blogs/page.js:1:5064)
Fetch error: Error: HTTP error! status: 429
    at r (/home/milconepal/milkconepal/.next/server/chunks/763.js:3:6715)
    at process.processTicksAndRejections (node:internal/process/task_queues:95:5)
    at async C (/home/milconepal/milkconepal/.next/server/chunks/763.js:3:8542)
Fetch error: Error: HTTP error! status: 429
    at r (/home/milconepal/milkconepal/.next/server/chunks/763.js:3:6715)
    at process.processTicksAndRejections (node:internal/process/task_queues:95:5)
    at async Module._ (/home/milconepal/milkconepal/.next/server/chunks/763.js:3:8428)
Fetch error: Error: HTTP error! status: 429
    at r (/home/milconepal/milkconepal/.next/server/chunks/763.js:3:6715)
    at process.processTicksAndRejections (node:internal/process/task_queues:95:5)
    at async C (/home/milconepal/milkconepal/.next/server/chunks/763.js:3:8582)
Fetch error: Error: HTTP error! status: 429
    at r (/home/milconepal/milkconepal/.next/server/chunks/763.js:3:6715)
    at process.processTicksAndRejections (node:internal/process/task_queues:95:5)
    at async Module._ (/home/milconepal/milkconepal/.next/server/chunks/763.js:3:8428)
Fetch error: Error: HTTP error! status: 429
    at r (/home/milconepal/milkconepal/.next/server/chunks/763.js:3:6715)
    at process.processTicksAndRejections (node:internal/process/task_queues:95:5)
    at async C (/home/milconepal/milkconepal/.next/server/chunks/763.js:3:8582)
Fetch error: Error: HTTP error! status: 429
    at r (/home/milconepal/milkconepal/.next/server/chunks/763.js:3:6715)
    at process.processTicksAndRejections (node:internal/process/task_queues:95:5)
    at async f (/home/milconepal/milkconepal/.next/server/app/(all-pages)/product/[product_name]/page.js:1:24912)
Fetch error: Error: HTTP error! status: 429
    at r (/home/milconepal/milkconepal/.next/server/chunks/763.js:3:6715)
    at process.processTicksAndRejections (node:internal/process/task_queues:95:5)
    at async Module.p (/home/milconepal/milkconepal/.next/server/app/(all-pages)/product/[product_name]/page.js:1:24454)
Fetch error: Error: HTTP error! status: 429
    at r (/home/milconepal/milkconepal/.next/server/chunks/763.js:3:6715)
    at process.processTicksAndRejections (node:internal/process/task_queues:95:5)
    at async C (/home/milconepal/milkconepal/.next/server/chunks/763.js:3:8542)
Fetch error: Error: HTTP error! status: 429
    at r (/home/milconepal/milkconepal/.next/server/chunks/763.js:3:6715)
    at process.processTicksAndRejections (node:internal/process/task_queues:95:5)
    at async Module._ (/home/milconepal/milkconepal/.next/server/chunks/763.js:3:8428)
Fetch error: Error: HTTP error! status: 429
    at r (/home/milconepal/milkconepal/.next/server/chunks/763.js:3:6715)
    at process.processTicksAndRejections (node:internal/process/task_queues:95:5)
    at async C (/home/milconepal/milkconepal/.next/server/chunks/763.js:3:8582)
 ⚠ metadataBase property in metadata export is not set for resolving social open graph or twitter images, using "http://localhost:3000". See https://nextjs.org/docs/app/api-reference/functions/generate-metadata#metadatabase
Fetch error: Error: HTTP error! status: 429
    at r (/home/milconepal/milkconepal/.next/server/chunks/763.js:3:6715)
    at process.processTicksAndRejections (node:internal/process/task_queues:95:5)
    at async Module._ (/home/milconepal/milkconepal/.next/server/chunks/763.js:3:8428)
Fetch error: Error: HTTP error! status: 429
    at r (/home/milconepal/milkconepal/.next/server/chunks/763.js:3:6715)
    at process.processTicksAndRejections (node:internal/process/task_queues:95:5)
    at async C (/home/milconepal/milkconepal/.next/server/chunks/763.js:3:8542)
Fetch error: Error: HTTP error! status: 429
    at r (/home/milconepal/milkconepal/.next/server/chunks/763.js:3:6715)
    at process.processTicksAndRejections (node:internal/process/task_queues:95:5)
    at async f (/home/milconepal/milkconepal/.next/server/app/(all-pages)/product/[product_name]/page.js:1:24912)
Fetch error: Error: HTTP error! status: 429
    at r (/home/milconepal/milkconepal/.next/server/chunks/763.js:3:6715)
    at process.processTicksAndRejections (node:internal/process/task_queues:95:5)
    at async Module.p (/home/milconepal/milkconepal/.next/server/app/(all-pages)/product/[product_name]/page.js:1:24454)
Fetch error: Error: HTTP error! status: 429
    at r (/home/milconepal/milkconepal/.next/server/chunks/763.js:3:6715)
    at process.processTicksAndRejections (node:internal/process/task_queues:95:5)
    at async Module._ (/home/milconepal/milkconepal/.next/server/chunks/763.js:3:8428)
Fetch error: Error: HTTP error! status: 429
    at r (/home/milconepal/milkconepal/.next/server/chunks/763.js:3:6715)
    at process.processTicksAndRejections (node:internal/process/task_queues:95:5)
    at async C (/home/milconepal/milkconepal/.next/server/chunks/763.js:3:8582)
Fetch error: Error: HTTP error! status: 429
    at r (/home/milconepal/milkconepal/.next/server/chunks/763.js:3:6715)
    at process.processTicksAndRejections (node:internal/process/task_queues:95:5)
    at async Module._ (/home/milconepal/milkconepal/.next/server/chunks/763.js:3:8428)
Fetch error: Error: HTTP error! status: 429
    at r (/home/milconepal/milkconepal/.next/server/chunks/763.js:3:6715)
    at process.processTicksAndRejections (node:internal/process/task_queues:95:5)
    at async m (/home/milconepal/milkconepal/.next/server/app/(all-pages)/category/[category_name]/page.js:1:13993)
Fetch error: Error: HTTP error! status: 429
    at r (/home/milconepal/milkconepal/.next/server/chunks/763.js:3:6715)
    at process.processTicksAndRejections (node:internal/process/task_queues:95:5)
    at async Module.x (/home/milconepal/milkconepal/.next/server/app/(all-pages)/category/[category_name]/page.js:1:13603)
Fetch error: Error: HTTP error! status: 429
    at r (/home/milconepal/milkconepal/.next/server/chunks/763.js:3:6715)
    at process.processTicksAndRejections (node:internal/process/task_queues:95:5)
    at async C (/home/milconepal/milkconepal/.next/server/chunks/763.js:3:8542)
Fetch error: Error: HTTP error! status: 429
    at r (/home/milconepal/milkconepal/.next/server/chunks/763.js:3:6715)
    at process.processTicksAndRejections (node:internal/process/task_queues:95:5)
    at async Module._ (/home/milconepal/milkconepal/.next/server/chunks/763.js:3:8428)
Fetch error: Error: HTTP error! status: 429
    at r (/home/milconepal/milkconepal/.next/server/chunks/763.js:3:6715)
    at process.processTicksAndRejections (node:internal/process/task_queues:95:5)
    at async C (/home/milconepal/milkconepal/.next/server/chunks/763.js:3:8582)
Fetch error: Error: HTTP error! status: 429
    at r (/home/milconepal/milkconepal/.next/server/chunks/763.js:3:6715)
    at process.processTicksAndRejections (node:internal/process/task_queues:95:5)
    at async Module._ (/home/milconepal/milkconepal/.next/server/chunks/763.js:3:8428)
Fetch error: Error: HTTP error! status: 429
    at r (/home/milconepal/milkconepal/.next/server/chunks/763.js:3:6715)
    at process.processTicksAndRejections (node:internal/process/task_queues:95:5)
    at async C (/home/milconepal/milkconepal/.next/server/chunks/763.js:3:8542)
Fetch error: Error: HTTP error! status: 429
    at r (/home/milconepal/milkconepal/.next/server/chunks/763.js:3:6715)
    at process.processTicksAndRejections (node:internal/process/task_queues:95:5)
    at async Module._ (/home/milconepal/milkconepal/.next/server/chunks/763.js:3:8428)
Fetch error: Error: HTTP error! status: 429
    at r (/home/milconepal/milkconepal/.next/server/chunks/763.js:3:6715)
    at process.processTicksAndRejections (node:internal/process/task_queues:95:5)
    at async C (/home/milconepal/milkconepal/.next/server/chunks/763.js:3:8582)
Fetch error: Error: HTTP error! status: 429
    at r (/home/milconepal/milkconepal/.next/server/chunks/763.js:3:6715)
    at process.processTicksAndRejections (node:internal/process/task_queues:95:5)
    at async m (/home/milconepal/milkconepal/.next/server/app/(all-pages)/category/[category_name]/page.js:1:13993)
Fetch error: Error: HTTP error! status: 429
    at r (/home/milconepal/milkconepal/.next/server/chunks/763.js:3:6715)
    at process.processTicksAndRejections (node:internal/process/task_queues:95:5)
    at async Module.x (/home/milconepal/milkconepal/.next/server/app/(all-pages)/category/[category_name]/page.js:1:13603)
Fetch error: Error: HTTP error! status: 429
    at r (/home/milconepal/milkconepal/.next/server/chunks/763.js:3:6715)
    at process.processTicksAndRejections (node:internal/process/task_queues:95:5)
    at async Module._ (/home/milconepal/milkconepal/.next/server/chunks/763.js:3:8428)
Fetch error: Error: HTTP error! status: 429
    at r (/home/milconepal/milkconepal/.next/server/chunks/763.js:3:6715)
    at process.processTicksAndRejections (node:internal/process/task_queues:95:5)
    at async C (/home/milconepal/milkconepal/.next/server/chunks/763.js:3:8542)
Fetch error: Error: HTTP error! status: 429
    at r (/home/milconepal/milkconepal/.next/server/chunks/763.js:3:6715)
    at process.processTicksAndRejections (node:internal/process/task_queues:95:5)
    at async Module._ (/home/milconepal/milkconepal/.next/server/chunks/763.js:3:8428)
Fetch error: Error: HTTP error! status: 429
    at r (/home/milconepal/milkconepal/.next/server/chunks/763.js:3:6715)
    at process.processTicksAndRejections (node:internal/process/task_queues:95:5)
    at async C (/home/milconepal/milkconepal/.next/server/chunks/763.js:3:8582)
Fetch error: Error: HTTP error! status: 429
    at r (/home/milconepal/milkconepal/.next/server/chunks/763.js:3:6715)
    at process.processTicksAndRejections (node:internal/process/task_queues:95:5)
    at async f (/home/milconepal/milkconepal/.next/server/app/(all-pages)/product/[product_name]/page.js:1:24912)
Fetch error: Error: HTTP error! status: 429
    at r (/home/milconepal/milkconepal/.next/server/chunks/763.js:3:6715)
    at process.processTicksAndRejections (node:internal/process/task_queues:95:5)
    at async Module.p (/home/milconepal/milkconepal/.next/server/app/(all-pages)/product/[product_name]/page.js:1:24454)
Fetch error: Error: HTTP error! status: 429
    at r (/home/milconepal/milkconepal/.next/server/chunks/763.js:3:6715)
    at process.processTicksAndRejections (node:internal/process/task_queues:95:5)
    at async Module._ (/home/milconepal/milkconepal/.next/server/chunks/763.js:3:8428)
Fetch error: Error: HTTP error! status: 429
    at r (/home/milconepal/milkconepal/.next/server/chunks/763.js:3:6715)
    at process.processTicksAndRejections (node:internal/process/task_queues:95:5)
    at async f (/home/milconepal/milkconepal/.next/server/app/(all-pages)/product/[product_name]/page.js:1:24912)
Fetch error: Error: HTTP error! status: 429
    at r (/home/milconepal/milkconepal/.next/server/chunks/763.js:3:6715)
    at process.processTicksAndRejections (node:internal/process/task_queues:95:5)
    at async Module.p (/home/milconepal/milkconepal/.next/server/app/(all-pages)/product/[product_name]/page.js:1:24454)
Fetch error: Error: HTTP error! status: 429
    at r (/home/milconepal/milkconepal/.next/server/chunks/763.js:3:6715)
    at process.processTicksAndRejections (node:internal/process/task_queues:95:5)
    at async C (/home/milconepal/milkconepal/.next/server/chunks/763.js:3:8542)
Fetch error: Error: HTTP error! status: 429
    at r (/home/milconepal/milkconepal/.next/server/chunks/763.js:3:6715)
    at process.processTicksAndRejections (node:internal/process/task_queues:95:5)
    at async Module._ (/home/milconepal/milkconepal/.next/server/chunks/763.js:3:8428)
Fetch error: Error: HTTP error! status: 429
    at r (/home/milconepal/milkconepal/.next/server/chunks/763.js:3:6715)
    at process.processTicksAndRejections (node:internal/process/task_queues:95:5)
    at async C (/home/milconepal/milkconepal/.next/server/chunks/763.js:3:8582)
Fetch error: Error: HTTP error! status: 429
    at r (/home/milconepal/milkconepal/.next/server/chunks/763.js:3:6715)
    at process.processTicksAndRejections (node:internal/process/task_queues:95:5)
    at async Module._ (/home/milconepal/milkconepal/.next/server/chunks/763.js:3:8428)
Fetch error: Error: HTTP error! status: 429
    at r (/home/milconepal/milkconepal/.next/server/chunks/763.js:3:6715)
    at process.processTicksAndRejections (node:internal/process/task_queues:95:5)
    at async m (/home/milconepal/milkconepal/.next/server/app/(all-pages)/contact-us/page.js:1:9141)
Fetch error: Error: HTTP error! status: 429
    at r (/home/milconepal/milkconepal/.next/server/chunks/763.js:3:6715)
    at process.processTicksAndRejections (node:internal/process/task_queues:95:5)
    at async Module._ (/home/milconepal/milkconepal/.next/server/chunks/763.js:3:8428)
Fetch error: Error: HTTP error! status: 429
    at r (/home/milconepal/milkconepal/.next/server/chunks/763.js:3:6715)
    at process.processTicksAndRejections (node:internal/process/task_queues:95:5)
    at async C (/home/milconepal/milkconepal/.next/server/chunks/763.js:3:8542)
Fetch error: Error: HTTP error! status: 429
    at r (/home/milconepal/milkconepal/.next/server/chunks/763.js:3:6715)
    at process.processTicksAndRejections (node:internal/process/task_queues:95:5)
    at async C (/home/milconepal/milkconepal/.next/server/chunks/763.js:3:8582)
Fetch error: Error: HTTP error! status: 429
    at r (/home/milconepal/milkconepal/.next/server/chunks/763.js:3:6715)
    at process.processTicksAndRejections (node:internal/process/task_queues:95:5)
    at async p (/home/milconepal/milkconepal/.next/server/app/(all-pages)/blogs/[blogDetail]/page.js:1:8895)
Fetch error: Error: HTTP error! status: 429
    at r (/home/milconepal/milkconepal/.next/server/chunks/763.js:3:6715)
    at process.processTicksAndRejections (node:internal/process/task_queues:95:5)
    at async C (/home/milconepal/milkconepal/.next/server/chunks/763.js:3:8542)
Fetch error: Error: HTTP error! status: 429
    at r (/home/milconepal/milkconepal/.next/server/chunks/763.js:3:6715)
    at process.processTicksAndRejections (node:internal/process/task_queues:95:5)
    at async Module._ (/home/milconepal/milkconepal/.next/server/chunks/763.js:3:8428)
Fetch error: Error: HTTP error! status: 429
    at r (/home/milconepal/milkconepal/.next/server/chunks/763.js:3:6715)
    at process.processTicksAndRejections (node:internal/process/task_queues:95:5)
    at async C (/home/milconepal/milkconepal/.next/server/chunks/763.js:3:8582)
Fetch error: Error: HTTP error! status: 429
    at r (/home/milconepal/milkconepal/.next/server/chunks/763.js:3:6715)
    at process.processTicksAndRejections (node:internal/process/task_queues:95:5)
    at async C (/home/milconepal/milkconepal/.next/server/chunks/763.js:3:8542)
Fetch error: Error: HTTP error! status: 429
    at r (/home/milconepal/milkconepal/.next/server/chunks/763.js:3:6715)
    at process.processTicksAndRejections (node:internal/process/task_queues:95:5)
    at async c (/home/milconepal/milkconepal/.next/server/app/(all-pages)/gallery/page.js:1:4106)
Fetch error: Error: HTTP error! status: 429
    at r (/home/milconepal/milkconepal/.next/server/chunks/763.js:3:6715)
    at process.processTicksAndRejections (node:internal/process/task_queues:95:5)
    at async Module._ (/home/milconepal/milkconepal/.next/server/chunks/763.js:3:8428)
Fetch error: Error: HTTP error! status: 429
    at r (/home/milconepal/milkconepal/.next/server/chunks/763.js:3:6715)
    at process.processTicksAndRejections (node:internal/process/task_queues:95:5)
    at async C (/home/milconepal/milkconepal/.next/server/chunks/763.js:3:8582)
Fetch error: TypeError: fetch failed
    at node:internal/deps/undici/undici:12618:11
    at processTicksAndRejections (node:internal/process/task_queues:95:5)
    at runNextTicks (node:internal/process/task_queues:64:3)
    at process.processImmediate (node:internal/timers:447:9)
    at process.callbackTrampoline (node:internal/async_hooks:128:17)
    at async r (/home/milconepal/milkconepal/.next/server/chunks/763.js:3:6649)
    at async k (/home/milconepal/milkconepal/.next/server/app/page.js:1:154430) {
  cause: ConnectTimeoutError: Connect Timeout Error
      at onConnectTimeout (node:internal/deps/undici/undici:7760:28)
      at node:internal/deps/undici/undici:7716:50
      at Immediate._onImmediate (node:internal/deps/undici/undici:7748:13)
      at process.processImmediate (node:internal/timers:476:21)
      at process.callbackTrampoline (node:internal/async_hooks:128:17) {
    code: 'UND_ERR_CONNECT_TIMEOUT'
  }
}
Fetch error: TypeError: fetch failed
    at node:internal/deps/undici/undici:12618:11
    at processTicksAndRejections (node:internal/process/task_queues:95:5)
    at runNextTicks (node:internal/process/task_queues:64:3)
    at process.processImmediate (node:internal/timers:447:9)
    at process.callbackTrampoline (node:internal/async_hooks:128:17)
    at async r (/home/milconepal/milkconepal/.next/server/chunks/763.js:3:6649)
    at async C (/home/milconepal/milkconepal/.next/server/chunks/763.js:3:8542) {
  cause: ConnectTimeoutError: Connect Timeout Error
      at onConnectTimeout (node:internal/deps/undici/undici:7760:28)
      at node:internal/deps/undici/undici:7716:50
      at Immediate._onImmediate (node:internal/deps/undici/undici:7748:13)
      at process.processImmediate (node:internal/timers:476:21)
      at process.callbackTrampoline (node:internal/async_hooks:128:17) {
    code: 'UND_ERR_CONNECT_TIMEOUT'
  }
}
Fetch error: TypeError: fetch failed
    at node:internal/deps/undici/undici:12618:11
    at process.processTicksAndRejections (node:internal/process/task_queues:95:5) {
  cause: ConnectTimeoutError: Connect Timeout Error
      at onConnectTimeout (node:internal/deps/undici/undici:7760:28)
      at node:internal/deps/undici/undici:7716:50
      at Immediate._onImmediate (node:internal/deps/undici/undici:7748:13)
      at process.processImmediate (node:internal/timers:476:21)
      at process.callbackTrampoline (node:internal/async_hooks:128:17) {
    code: 'UND_ERR_CONNECT_TIMEOUT'
  }
}
Fetch error: TypeError: fetch failed
    at node:internal/deps/undici/undici:12618:11
    at process.processTicksAndRejections (node:internal/process/task_queues:95:5) {
  cause: ConnectTimeoutError: Connect Timeout Error
      at onConnectTimeout (node:internal/deps/undici/undici:7760:28)
      at node:internal/deps/undici/undici:7716:50
      at Immediate._onImmediate (node:internal/deps/undici/undici:7748:13)
      at process.processImmediate (node:internal/timers:476:21)
      at process.callbackTrampoline (node:internal/async_hooks:128:17) {
    code: 'UND_ERR_CONNECT_TIMEOUT'
  }
}
Fetch error: TypeError: fetch failed
    at node:internal/deps/undici/undici:12618:11
    at process.processTicksAndRejections (node:internal/process/task_queues:95:5) {
  cause: ConnectTimeoutError: Connect Timeout Error
      at onConnectTimeout (node:internal/deps/undici/undici:7760:28)
      at node:internal/deps/undici/undici:7716:50
      at Immediate._onImmediate (node:internal/deps/undici/undici:7748:13)
      at process.processImmediate (node:internal/timers:476:21)
      at process.callbackTrampoline (node:internal/async_hooks:128:17) {
    code: 'UND_ERR_CONNECT_TIMEOUT'
  }
}
Fetch error: TypeError: fetch failed
    at node:internal/deps/undici/undici:12618:11
    at process.processTicksAndRejections (node:internal/process/task_queues:95:5)
    at async r (/home/milconepal/milkconepal/.next/server/chunks/763.js:3:6649)
    at async C (/home/milconepal/milkconepal/.next/server/chunks/763.js:3:8542) {
  cause: Error: read ECONNRESET
      at TLSWrap.onStreamRead (node:internal/stream_base_commons:217:20)
      at TLSWrap.callbackTrampoline (node:internal/async_hooks:128:17) {
    errno: -104,
    code: 'ECONNRESET',
    syscall: 'read'
  }
}
Fetch error: TypeError: fetch failed
    at node:internal/deps/undici/undici:12618:11
    at process.processTicksAndRejections (node:internal/process/task_queues:95:5)
    at async r (/home/milconepal/milkconepal/.next/server/chunks/763.js:3:6649)
    at async k (/home/milconepal/milkconepal/.next/server/app/page.js:1:154430) {
  cause: Error: read ECONNRESET
      at TLSWrap.onStreamRead (node:internal/stream_base_commons:217:20)
      at TLSWrap.callbackTrampoline (node:internal/async_hooks:128:17) {
    errno: -104,
    code: 'ECONNRESET',
    syscall: 'read'
  }
}
Fetch error: TypeError: fetch failed
    at node:internal/deps/undici/undici:12618:11
    at process.processTicksAndRejections (node:internal/process/task_queues:95:5) {
  cause: Error: read ECONNRESET
      at TLSWrap.onStreamRead (node:internal/stream_base_commons:217:20)
      at TLSWrap.callbackTrampoline (node:internal/async_hooks:128:17) {
    errno: -104,
    code: 'ECONNRESET',
    syscall: 'read'
  }
}
Fetch error: TypeError: fetch failed
    at node:internal/deps/undici/undici:12618:11
    at process.processTicksAndRejections (node:internal/process/task_queues:95:5) {
  cause: Error: read ECONNRESET
      at TLSWrap.onStreamRead (node:internal/stream_base_commons:217:20)
      at TLSWrap.callbackTrampoline (node:internal/async_hooks:128:17) {
    errno: -104,
    code: 'ECONNRESET',
    syscall: 'read'
  }
}
Fetch error: TypeError: fetch failed
    at node:internal/deps/undici/undici:12618:11
    at process.processTicksAndRejections (node:internal/process/task_queues:95:5) {
  cause: Error: read ECONNRESET
      at TLSWrap.onStreamRead (node:internal/stream_base_commons:217:20)
      at TLSWrap.callbackTrampoline (node:internal/async_hooks:128:17) {
    errno: -104,
    code: 'ECONNRESET',
    syscall: 'read'
  }
}
Fetch error: TypeError: fetch failed
    at node:internal/deps/undici/undici:12618:11
    at process.processTicksAndRejections (node:internal/process/task_queues:95:5)
    at async r (/home/milconepal/milkconepal/.next/server/chunks/763.js:3:6649)
    at async k (/home/milconepal/milkconepal/.next/server/app/page.js:1:154529) {
  cause: Error: connect ECONNREFUSED 192.250.235.50:443
      at TCPConnectWrap.afterConnect [as oncomplete] (node:net:1555:16)
      at TCPConnectWrap.callbackTrampoline (node:internal/async_hooks:128:17) {
    errno: -111,
    code: 'ECONNREFUSED',
    syscall: 'connect',
    address: '192.250.235.50',
    port: 443
  }
}
Fetch error: TypeError: fetch failed
    at node:internal/deps/undici/undici:12618:11
    at process.processTicksAndRejections (node:internal/process/task_queues:95:5)
    at async r (/home/milconepal/milkconepal/.next/server/chunks/763.js:3:6649)
    at async k (/home/milconepal/milkconepal/.next/server/app/page.js:1:154582) {
  cause: Error: connect ECONNREFUSED 192.250.235.50:443
      at TCPConnectWrap.afterConnect [as oncomplete] (node:net:1555:16)
      at TCPConnectWrap.callbackTrampoline (node:internal/async_hooks:128:17) {
    errno: -111,
    code: 'ECONNREFUSED',
    syscall: 'connect',
    address: '192.250.235.50',
    port: 443
  }
}
Fetch error: TypeError: fetch failed
    at node:internal/deps/undici/undici:12618:11
    at process.processTicksAndRejections (node:internal/process/task_queues:95:5)
    at async r (/home/milconepal/milkconepal/.next/server/chunks/763.js:3:6649)
    at async k (/home/milconepal/milkconepal/.next/server/app/page.js:1:154641) {
  cause: Error: connect ECONNREFUSED 192.250.235.50:443
      at TCPConnectWrap.afterConnect [as oncomplete] (node:net:1555:16)
      at TCPConnectWrap.callbackTrampoline (node:internal/async_hooks:128:17) {
    errno: -111,
    code: 'ECONNREFUSED',
    syscall: 'connect',
    address: '192.250.235.50',
    port: 443
  }
}
Fetch error: Error: HTTP error! status: 429
    at r (/home/milconepal/milkconepal/.next/server/chunks/763.js:3:6715)
    at process.processTicksAndRejections (node:internal/process/task_queues:95:5)
    at async u (/home/milconepal/milkconepal/.next/server/app/(all-pages)/about-us/page.js:1:7016)
Fetch error: Error: HTTP error! status: 429
    at r (/home/milconepal/milkconepal/.next/server/chunks/763.js:3:6715)
    at process.processTicksAndRejections (node:internal/process/task_queues:95:5)
    at async Module._ (/home/milconepal/milkconepal/.next/server/chunks/763.js:3:8428)
Fetch error: Error: HTTP error! status: 429
    at r (/home/milconepal/milkconepal/.next/server/chunks/763.js:3:6715)
    at process.processTicksAndRejections (node:internal/process/task_queues:95:5)
    at async C (/home/milconepal/milkconepal/.next/server/chunks/763.js:3:8582)
Fetch error: Error: HTTP error! status: 429
    at r (/home/milconepal/milkconepal/.next/server/chunks/763.js:3:6715)
    at process.processTicksAndRejections (node:internal/process/task_queues:95:5)
    at async c (/home/milconepal/milkconepal/.next/server/app/(all-pages)/blogs/page.js:1:5064)
Fetch error: Error: HTTP error! status: 429
    at r (/home/milconepal/milkconepal/.next/server/chunks/763.js:3:6715)
    at process.processTicksAndRejections (node:internal/process/task_queues:95:5)
    at async Module._ (/home/milconepal/milkconepal/.next/server/chunks/763.js:3:8428)
Fetch error: Error: HTTP error! status: 429
    at r (/home/milconepal/milkconepal/.next/server/chunks/763.js:3:6715)
    at process.processTicksAndRejections (node:internal/process/task_queues:95:5)
    at async C (/home/milconepal/milkconepal/.next/server/chunks/763.js:3:8542)
Fetch error: Error: HTTP error! status: 429
    at r (/home/milconepal/milkconepal/.next/server/chunks/763.js:3:6715)
    at process.processTicksAndRejections (node:internal/process/task_queues:95:5)
    at async C (/home/milconepal/milkconepal/.next/server/chunks/763.js:3:8582)
(node:74846) ExperimentalWarning: buffer.File is an experimental feature and might change at any time
(Use `node --trace-warnings ...` to show where the warning was created)
Fetch error: Error: HTTP error! status: 429
    at r (/home/milconepal/milkconepal/.next/server/chunks/763.js:3:6715)
    at process.processTicksAndRejections (node:internal/process/task_queues:95:5)
    at async Module._ (/home/milconepal/milkconepal/.next/server/chunks/763.js:3:8428)
Fetch error: Error: HTTP error! status: 429
    at r (/home/milconepal/milkconepal/.next/server/chunks/763.js:3:6715)
    at process.processTicksAndRejections (node:internal/process/task_queues:95:5)
    at async C (/home/milconepal/milkconepal/.next/server/chunks/763.js:3:8582)
Fetch error: Error: HTTP error! status: 429
    at r (/home/milconepal/milkconepal/.next/server/chunks/763.js:3:6715)
    at process.processTicksAndRejections (node:internal/process/task_queues:95:5)
    at async C (/home/milconepal/milkconepal/.next/server/chunks/763.js:3:8542)
Fetch error: Error: HTTP error! status: 429
    at r (/home/milconepal/milkconepal/.next/server/chunks/763.js:3:6715)
    at process.processTicksAndRejections (node:internal/process/task_queues:95:5)
    at async f (/home/milconepal/milkconepal/.next/server/app/(all-pages)/product/[product_name]/page.js:1:24912)
Fetch error: Error: HTTP error! status: 429
    at r (/home/milconepal/milkconepal/.next/server/chunks/763.js:3:6715)
    at process.processTicksAndRejections (node:internal/process/task_queues:95:5)
    at async Module.p (/home/milconepal/milkconepal/.next/server/app/(all-pages)/product/[product_name]/page.js:1:24454)
Fetch error: Error: HTTP error! status: 429
    at r (/home/milconepal/milkconepal/.next/server/chunks/763.js:3:6715)
    at process.processTicksAndRejections (node:internal/process/task_queues:95:5)
    at async Module._ (/home/milconepal/milkconepal/.next/server/chunks/763.js:3:8428)
Fetch error: Error: HTTP error! status: 429
    at r (/home/milconepal/milkconepal/.next/server/chunks/763.js:3:6715)
    at process.processTicksAndRejections (node:internal/process/task_queues:95:5)
    at async C (/home/milconepal/milkconepal/.next/server/chunks/763.js:3:8582)
 ⚠ metadataBase property in metadata export is not set for resolving social open graph or twitter images, using "http://localhost:3000". See https://nextjs.org/docs/app/api-reference/functions/generate-metadata#metadatabase
Fetch error: Error: HTTP error! status: 429
    at r (/home/milconepal/milkconepal/.next/server/chunks/763.js:3:6715)
    at process.processTicksAndRejections (node:internal/process/task_queues:95:5)
    at async Module._ (/home/milconepal/milkconepal/.next/server/chunks/763.js:3:8428)
Fetch error: Error: HTTP error! status: 429
    at r (/home/milconepal/milkconepal/.next/server/chunks/763.js:3:6715)
    at process.processTicksAndRejections (node:internal/process/task_queues:95:5)
    at async c (/home/milconepal/milkconepal/.next/server/app/(all-pages)/blogs/page.js:1:5064)
Fetch error: Error: HTTP error! status: 429
    at r (/home/milconepal/milkconepal/.next/server/chunks/763.js:3:6715)
    at process.processTicksAndRejections (node:internal/process/task_queues:95:5)
    at async C (/home/milconepal/milkconepal/.next/server/chunks/763.js:3:8542)
Fetch error: Error: HTTP error! status: 429
    at r (/home/milconepal/milkconepal/.next/server/chunks/763.js:3:6715)
    at process.processTicksAndRejections (node:internal/process/task_queues:95:5)
    at async Module._ (/home/milconepal/milkconepal/.next/server/chunks/763.js:3:8428)
Fetch error: Error: HTTP error! status: 429
    at r (/home/milconepal/milkconepal/.next/server/chunks/763.js:3:6715)
    at process.processTicksAndRejections (node:internal/process/task_queues:95:5)
    at async C (/home/milconepal/milkconepal/.next/server/chunks/763.js:3:8582)
Fetch error: TypeError: fetch failed
    at node:internal/deps/undici/undici:12618:11
    at process.processTicksAndRejections (node:internal/process/task_queues:95:5) {
  cause: Error: getaddrinfo ENOTFOUND admin.milkconepal.com
      at GetAddrInfoReqWrap.onlookup [as oncomplete] (node:dns:107:26)
      at GetAddrInfoReqWrap.callbackTrampoline (node:internal/async_hooks:128:17) {
    errno: -3008,
    code: 'ENOTFOUND',
    syscall: 'getaddrinfo',
    hostname: 'admin.milkconepal.com'
  }
}
Fetch error: TypeError: fetch failed
    at node:internal/deps/undici/undici:12618:11
    at process.processTicksAndRejections (node:internal/process/task_queues:95:5) {
  cause: Error: getaddrinfo ENOTFOUND admin.milkconepal.com
      at GetAddrInfoReqWrap.onlookup [as oncomplete] (node:dns:107:26)
      at GetAddrInfoReqWrap.callbackTrampoline (node:internal/async_hooks:128:17) {
    errno: -3008,
    code: 'ENOTFOUND',
    syscall: 'getaddrinfo',
    hostname: 'admin.milkconepal.com'
  }
}
 ⚠ metadataBase property in metadata export is not set for resolving social open graph or twitter images, using "http://localhost:3000". See https://nextjs.org/docs/app/api-reference/functions/generate-metadata#metadatabase
Fetch error: Error: HTTP error! status: 429
    at r (/home/milconepal/milkconepal/.next/server/chunks/763.js:3:6715)
    at process.processTicksAndRejections (node:internal/process/task_queues:95:5)
    at async Module._ (/home/milconepal/milkconepal/.next/server/chunks/763.js:3:8428)
Fetch error: Error: HTTP error! status: 429
    at r (/home/milconepal/milkconepal/.next/server/chunks/763.js:3:6715)
    at process.processTicksAndRejections (node:internal/process/task_queues:95:5)
    at async C (/home/milconepal/milkconepal/.next/server/chunks/763.js:3:8582)
Fetch error: Error: HTTP error! status: 429
    at r (/home/milconepal/milkconepal/.next/server/chunks/763.js:3:6715)
    at process.processTicksAndRejections (node:internal/process/task_queues:95:5)
    at async p (/home/milconepal/milkconepal/.next/server/app/(all-pages)/blogs/[blogDetail]/page.js:1:8895)
Fetch error: Error: HTTP error! status: 429
    at r (/home/milconepal/milkconepal/.next/server/chunks/763.js:3:6715)
    at process.processTicksAndRejections (node:internal/process/task_queues:95:5)
    at async C (/home/milconepal/milkconepal/.next/server/chunks/763.js:3:8542)
Fetch error: Error: HTTP error! status: 429
    at r (/home/milconepal/milkconepal/.next/server/chunks/763.js:3:6715)
    at process.processTicksAndRejections (node:internal/process/task_queues:95:5)
    at async Module._ (/home/milconepal/milkconepal/.next/server/chunks/763.js:3:8428)
Fetch error: Error: HTTP error! status: 429
    at r (/home/milconepal/milkconepal/.next/server/chunks/763.js:3:6715)
    at process.processTicksAndRejections (node:internal/process/task_queues:95:5)
    at async C (/home/milconepal/milkconepal/.next/server/chunks/763.js:3:8582)
Fetch error: Error: HTTP error! status: 500
    at r (/home/milconepal/milkconepal/.next/server/chunks/763.js:3:6715)
    at process.processTicksAndRejections (node:internal/process/task_queues:95:5)
    at async f (/home/milconepal/milkconepal/.next/server/app/(all-pages)/product/[product_name]/page.js:1:24912)
Fetch error: Error: HTTP error! status: 500
    at r (/home/milconepal/milkconepal/.next/server/chunks/763.js:3:6715)
    at process.processTicksAndRejections (node:internal/process/task_queues:95:5)
    at async Module.p (/home/milconepal/milkconepal/.next/server/app/(all-pages)/product/[product_name]/page.js:1:24454)
 ⚠ metadataBase property in metadata export is not set for resolving social open graph or twitter images, using "http://localhost:3000". See https://nextjs.org/docs/app/api-reference/functions/generate-metadata#metadatabase
Fetch error: Error: HTTP error! status: 500
    at r (/home/milconepal/milkconepal/.next/server/chunks/763.js:3:6715)
    at process.processTicksAndRejections (node:internal/process/task_queues:95:5)
    at async f (/home/milconepal/milkconepal/.next/server/app/(all-pages)/product/[product_name]/page.js:1:24912)
Fetch error: Error: HTTP error! status: 500
    at r (/home/milconepal/milkconepal/.next/server/chunks/763.js:3:6715)
    at process.processTicksAndRejections (node:internal/process/task_queues:95:5)
    at async Module.p (/home/milconepal/milkconepal/.next/server/app/(all-pages)/product/[product_name]/page.js:1:24454)
 ⚠ metadataBase property in metadata export is not set for resolving social open graph or twitter images, using "http://localhost:3000". See https://nextjs.org/docs/app/api-reference/functions/generate-metadata#metadatabase
Fetch error: Error: HTTP error! status: 500
    at r (/home/milconepal/milkconepal/.next/server/chunks/763.js:3:6715)
    at process.processTicksAndRejections (node:internal/process/task_queues:95:5)
    at async f (/home/milconepal/milkconepal/.next/server/app/(all-pages)/product/[product_name]/page.js:1:24912)
Fetch error: Error: HTTP error! status: 500
    at r (/home/milconepal/milkconepal/.next/server/chunks/763.js:3:6715)
    at process.processTicksAndRejections (node:internal/process/task_queues:95:5)
    at async Module.p (/home/milconepal/milkconepal/.next/server/app/(all-pages)/product/[product_name]/page.js:1:24454)
